Defaulting to user installation because normal site-packages is not writeable
Requirement already satisfied: pip in /home/afpuertav/.local/lib/python3.10/site-packages (25.1.1)
Defaulting to user installation because normal site-packages is not writeable
Requirement already satisfied: pysentimiento in /home/afpuertav/.local/lib/python3.10/site-packages (0.7.3)
Requirement already satisfied: pandas in /home/afpuertav/.local/lib/python3.10/site-packages (2.2.3)
Requirement already satisfied: openpyxl in /home/afpuertav/.local/lib/python3.10/site-packages (3.1.5)
Requirement already satisfied: accelerate>=0.27.2 in /home/afpuertav/.local/lib/python3.10/site-packages (from pysentimiento) (1.8.1)
Requirement already satisfied: datasets>=2.10.1 in /home/afpuertav/.local/lib/python3.10/site-packages (from pysentimiento) (4.0.0)
Requirement already satisfied: emoji>=1.6.1 in /home/afpuertav/.local/lib/python3.10/site-packages (from pysentimiento) (2.14.1)
Requirement already satisfied: spacy>=3.5.0 in /home/afpuertav/.local/lib/python3.10/site-packages (from pysentimiento) (3.8.7)
Requirement already satisfied: torch!=2.0.1,>=2.0.0 in /home/afpuertav/.local/lib/python3.10/site-packages (from pysentimiento) (2.7.0)
Requirement already satisfied: transformers>=4.13.0 in /home/afpuertav/.local/lib/python3.10/site-packages (from pysentimiento) (4.51.3)
Requirement already satisfied: numpy>=1.22.4 in /home/afpuertav/.local/lib/python3.10/site-packages (from pandas) (2.2.6)
Requirement already satisfied: python-dateutil>=2.8.2 in /home/afpuertav/.local/lib/python3.10/site-packages (from pandas) (2.9.0.post0)
Requirement already satisfied: pytz>=2020.1 in /home/afpuertav/.local/lib/python3.10/site-packages (from pandas) (2025.2)
Requirement already satisfied: tzdata>=2022.7 in /home/afpuertav/.local/lib/python3.10/site-packages (from pandas) (2025.2)
Requirement already satisfied: et-xmlfile in /home/afpuertav/.local/lib/python3.10/site-packages (from openpyxl) (2.0.0)
Requirement already satisfied: packaging>=20.0 in /share/apps/python/3.10_miniconda-23.5.2/lib/python3.10/site-packages (from accelerate>=0.27.2->pysentimiento) (23.0)
Requirement already satisfied: psutil in /home/afpuertav/.local/lib/python3.10/site-packages (from accelerate>=0.27.2->pysentimiento) (7.0.0)
Requirement already satisfied: pyyaml in /home/afpuertav/.local/lib/python3.10/site-packages (from accelerate>=0.27.2->pysentimiento) (6.0.2)
Requirement already satisfied: huggingface_hub>=0.21.0 in /home/afpuertav/.local/lib/python3.10/site-packages (from accelerate>=0.27.2->pysentimiento) (0.31.2)
Requirement already satisfied: safetensors>=0.4.3 in /home/afpuertav/.local/lib/python3.10/site-packages (from accelerate>=0.27.2->pysentimiento) (0.5.3)
Requirement already satisfied: filelock in /home/afpuertav/.local/lib/python3.10/site-packages (from datasets>=2.10.1->pysentimiento) (3.18.0)
Requirement already satisfied: pyarrow>=15.0.0 in /home/afpuertav/.local/lib/python3.10/site-packages (from datasets>=2.10.1->pysentimiento) (20.0.0)
Requirement already satisfied: dill<0.3.9,>=0.3.0 in /home/afpuertav/.local/lib/python3.10/site-packages (from datasets>=2.10.1->pysentimiento) (0.3.8)
Requirement already satisfied: requests>=2.32.2 in /home/afpuertav/.local/lib/python3.10/site-packages (from datasets>=2.10.1->pysentimiento) (2.32.4)
Requirement already satisfied: tqdm>=4.66.3 in /home/afpuertav/.local/lib/python3.10/site-packages (from datasets>=2.10.1->pysentimiento) (4.67.1)
Requirement already satisfied: xxhash in /home/afpuertav/.local/lib/python3.10/site-packages (from datasets>=2.10.1->pysentimiento) (3.5.0)
Requirement already satisfied: multiprocess<0.70.17 in /home/afpuertav/.local/lib/python3.10/site-packages (from datasets>=2.10.1->pysentimiento) (0.70.16)
Requirement already satisfied: fsspec<=2025.3.0,>=2023.1.0 in /home/afpuertav/.local/lib/python3.10/site-packages (from fsspec[http]<=2025.3.0,>=2023.1.0->datasets>=2.10.1->pysentimiento) (2025.3.0)
Requirement already satisfied: aiohttp!=4.0.0a0,!=4.0.0a1 in /home/afpuertav/.local/lib/python3.10/site-packages (from fsspec[http]<=2025.3.0,>=2023.1.0->datasets>=2.10.1->pysentimiento) (3.12.14)
Requirement already satisfied: aiohappyeyeballs>=2.5.0 in /home/afpuertav/.local/lib/python3.10/site-packages (from aiohttp!=4.0.0a0,!=4.0.0a1->fsspec[http]<=2025.3.0,>=2023.1.0->datasets>=2.10.1->pysentimiento) (2.6.1)
Requirement already satisfied: aiosignal>=1.4.0 in /home/afpuertav/.local/lib/python3.10/site-packages (from aiohttp!=4.0.0a0,!=4.0.0a1->fsspec[http]<=2025.3.0,>=2023.1.0->datasets>=2.10.1->pysentimiento) (1.4.0)
Requirement already satisfied: async-timeout<6.0,>=4.0 in /home/afpuertav/.local/lib/python3.10/site-packages (from aiohttp!=4.0.0a0,!=4.0.0a1->fsspec[http]<=2025.3.0,>=2023.1.0->datasets>=2.10.1->pysentimiento) (5.0.1)
Requirement already satisfied: attrs>=17.3.0 in /home/afpuertav/.local/lib/python3.10/site-packages (from aiohttp!=4.0.0a0,!=4.0.0a1->fsspec[http]<=2025.3.0,>=2023.1.0->datasets>=2.10.1->pysentimiento) (25.3.0)
Requirement already satisfied: frozenlist>=1.1.1 in /home/afpuertav/.local/lib/python3.10/site-packages (from aiohttp!=4.0.0a0,!=4.0.0a1->fsspec[http]<=2025.3.0,>=2023.1.0->datasets>=2.10.1->pysentimiento) (1.7.0)
Requirement already satisfied: multidict<7.0,>=4.5 in /home/afpuertav/.local/lib/python3.10/site-packages (from aiohttp!=4.0.0a0,!=4.0.0a1->fsspec[http]<=2025.3.0,>=2023.1.0->datasets>=2.10.1->pysentimiento) (6.6.3)
Requirement already satisfied: propcache>=0.2.0 in /home/afpuertav/.local/lib/python3.10/site-packages (from aiohttp!=4.0.0a0,!=4.0.0a1->fsspec[http]<=2025.3.0,>=2023.1.0->datasets>=2.10.1->pysentimiento) (0.3.2)
Requirement already satisfied: yarl<2.0,>=1.17.0 in /home/afpuertav/.local/lib/python3.10/site-packages (from aiohttp!=4.0.0a0,!=4.0.0a1->fsspec[http]<=2025.3.0,>=2023.1.0->datasets>=2.10.1->pysentimiento) (1.20.1)
Requirement already satisfied: typing-extensions>=4.1.0 in /home/afpuertav/.local/lib/python3.10/site-packages (from multidict<7.0,>=4.5->aiohttp!=4.0.0a0,!=4.0.0a1->fsspec[http]<=2025.3.0,>=2023.1.0->datasets>=2.10.1->pysentimiento) (4.13.2)
Requirement already satisfied: idna>=2.0 in /share/apps/python/3.10_miniconda-23.5.2/lib/python3.10/site-packages (from yarl<2.0,>=1.17.0->aiohttp!=4.0.0a0,!=4.0.0a1->fsspec[http]<=2025.3.0,>=2023.1.0->datasets>=2.10.1->pysentimiento) (3.4)
Requirement already satisfied: six>=1.5 in /share/apps/python/3.10_miniconda-23.5.2/lib/python3.10/site-packages (from python-dateutil>=2.8.2->pandas) (1.16.0)
Requirement already satisfied: charset_normalizer<4,>=2 in /share/apps/python/3.10_miniconda-23.5.2/lib/python3.10/site-packages (from requests>=2.32.2->datasets>=2.10.1->pysentimiento) (2.0.4)
Requirement already satisfied: urllib3<3,>=1.21.1 in /share/apps/python/3.10_miniconda-23.5.2/lib/python3.10/site-packages (from requests>=2.32.2->datasets>=2.10.1->pysentimiento) (1.26.16)
Requirement already satisfied: certifi>=2017.4.17 in /share/apps/python/3.10_miniconda-23.5.2/lib/python3.10/site-packages (from requests>=2.32.2->datasets>=2.10.1->pysentimiento) (2023.5.7)
Requirement already satisfied: spacy-legacy<3.1.0,>=3.0.11 in /home/afpuertav/.local/lib/python3.10/site-packages (from spacy>=3.5.0->pysentimiento) (3.0.12)
Requirement already satisfied: spacy-loggers<2.0.0,>=1.0.0 in /home/afpuertav/.local/lib/python3.10/site-packages (from spacy>=3.5.0->pysentimiento) (1.0.5)
Requirement already satisfied: murmurhash<1.1.0,>=0.28.0 in /home/afpuertav/.local/lib/python3.10/site-packages (from spacy>=3.5.0->pysentimiento) (1.0.13)
Requirement already satisfied: cymem<2.1.0,>=2.0.2 in /home/afpuertav/.local/lib/python3.10/site-packages (from spacy>=3.5.0->pysentimiento) (2.0.11)
Requirement already satisfied: preshed<3.1.0,>=3.0.2 in /home/afpuertav/.local/lib/python3.10/site-packages (from spacy>=3.5.0->pysentimiento) (3.0.10)
Requirement already satisfied: thinc<8.4.0,>=8.3.4 in /home/afpuertav/.local/lib/python3.10/site-packages (from spacy>=3.5.0->pysentimiento) (8.3.6)
Requirement already satisfied: wasabi<1.2.0,>=0.9.1 in /home/afpuertav/.local/lib/python3.10/site-packages (from spacy>=3.5.0->pysentimiento) (1.1.3)
Requirement already satisfied: srsly<3.0.0,>=2.4.3 in /home/afpuertav/.local/lib/python3.10/site-packages (from spacy>=3.5.0->pysentimiento) (2.5.1)
Requirement already satisfied: catalogue<2.1.0,>=2.0.6 in /home/afpuertav/.local/lib/python3.10/site-packages (from spacy>=3.5.0->pysentimiento) (2.0.10)
Requirement already satisfied: weasel<0.5.0,>=0.1.0 in /home/afpuertav/.local/lib/python3.10/site-packages (from spacy>=3.5.0->pysentimiento) (0.4.1)
Requirement already satisfied: typer<1.0.0,>=0.3.0 in /home/afpuertav/.local/lib/python3.10/site-packages (from spacy>=3.5.0->pysentimiento) (0.16.0)
Requirement already satisfied: pydantic!=1.8,!=1.8.1,<3.0.0,>=1.7.4 in /home/afpuertav/.local/lib/python3.10/site-packages (from spacy>=3.5.0->pysentimiento) (2.11.7)
Requirement already satisfied: jinja2 in /home/afpuertav/.local/lib/python3.10/site-packages (from spacy>=3.5.0->pysentimiento) (3.1.6)
Requirement already satisfied: setuptools in /share/apps/python/3.10_miniconda-23.5.2/lib/python3.10/site-packages (from spacy>=3.5.0->pysentimiento) (67.8.0)
Requirement already satisfied: langcodes<4.0.0,>=3.2.0 in /home/afpuertav/.local/lib/python3.10/site-packages (from spacy>=3.5.0->pysentimiento) (3.5.0)
Requirement already satisfied: language-data>=1.2 in /home/afpuertav/.local/lib/python3.10/site-packages (from langcodes<4.0.0,>=3.2.0->spacy>=3.5.0->pysentimiento) (1.3.0)
Requirement already satisfied: annotated-types>=0.6.0 in /home/afpuertav/.local/lib/python3.10/site-packages (from pydantic!=1.8,!=1.8.1,<3.0.0,>=1.7.4->spacy>=3.5.0->pysentimiento) (0.7.0)
Requirement already satisfied: pydantic-core==2.33.2 in /home/afpuertav/.local/lib/python3.10/site-packages (from pydantic!=1.8,!=1.8.1,<3.0.0,>=1.7.4->spacy>=3.5.0->pysentimiento) (2.33.2)
Requirement already satisfied: typing-inspection>=0.4.0 in /home/afpuertav/.local/lib/python3.10/site-packages (from pydantic!=1.8,!=1.8.1,<3.0.0,>=1.7.4->spacy>=3.5.0->pysentimiento) (0.4.1)
Requirement already satisfied: blis<1.4.0,>=1.3.0 in /home/afpuertav/.local/lib/python3.10/site-packages (from thinc<8.4.0,>=8.3.4->spacy>=3.5.0->pysentimiento) (1.3.0)
Requirement already satisfied: confection<1.0.0,>=0.0.1 in /home/afpuertav/.local/lib/python3.10/site-packages (from thinc<8.4.0,>=8.3.4->spacy>=3.5.0->pysentimiento) (0.1.5)
Requirement already satisfied: click>=8.0.0 in /home/afpuertav/.local/lib/python3.10/site-packages (from typer<1.0.0,>=0.3.0->spacy>=3.5.0->pysentimiento) (8.2.1)
Requirement already satisfied: shellingham>=1.3.0 in /home/afpuertav/.local/lib/python3.10/site-packages (from typer<1.0.0,>=0.3.0->spacy>=3.5.0->pysentimiento) (1.5.4)
Requirement already satisfied: rich>=10.11.0 in /home/afpuertav/.local/lib/python3.10/site-packages (from typer<1.0.0,>=0.3.0->spacy>=3.5.0->pysentimiento) (14.0.0)
Requirement already satisfied: cloudpathlib<1.0.0,>=0.7.0 in /home/afpuertav/.local/lib/python3.10/site-packages (from weasel<0.5.0,>=0.1.0->spacy>=3.5.0->pysentimiento) (0.21.1)
Requirement already satisfied: smart-open<8.0.0,>=5.2.1 in /home/afpuertav/.local/lib/python3.10/site-packages (from weasel<0.5.0,>=0.1.0->spacy>=3.5.0->pysentimiento) (7.3.0.post1)
Requirement already satisfied: wrapt in /home/afpuertav/.local/lib/python3.10/site-packages (from smart-open<8.0.0,>=5.2.1->weasel<0.5.0,>=0.1.0->spacy>=3.5.0->pysentimiento) (1.17.2)
Requirement already satisfied: marisa-trie>=1.1.0 in /home/afpuertav/.local/lib/python3.10/site-packages (from language-data>=1.2->langcodes<4.0.0,>=3.2.0->spacy>=3.5.0->pysentimiento) (1.2.1)
Requirement already satisfied: markdown-it-py>=2.2.0 in /home/afpuertav/.local/lib/python3.10/site-packages (from rich>=10.11.0->typer<1.0.0,>=0.3.0->spacy>=3.5.0->pysentimiento) (3.0.0)
Requirement already satisfied: pygments<3.0.0,>=2.13.0 in /home/afpuertav/.local/lib/python3.10/site-packages (from rich>=10.11.0->typer<1.0.0,>=0.3.0->spacy>=3.5.0->pysentimiento) (2.19.2)
Requirement already satisfied: mdurl~=0.1 in /home/afpuertav/.local/lib/python3.10/site-packages (from markdown-it-py>=2.2.0->rich>=10.11.0->typer<1.0.0,>=0.3.0->spacy>=3.5.0->pysentimiento) (0.1.2)
Requirement already satisfied: sympy>=1.13.3 in /home/afpuertav/.local/lib/python3.10/site-packages (from torch!=2.0.1,>=2.0.0->pysentimiento) (1.14.0)
Requirement already satisfied: networkx in /home/afpuertav/.local/lib/python3.10/site-packages (from torch!=2.0.1,>=2.0.0->pysentimiento) (3.4.2)
Requirement already satisfied: nvidia-cuda-nvrtc-cu12==12.6.77 in /home/afpuertav/.local/lib/python3.10/site-packages (from torch!=2.0.1,>=2.0.0->pysentimiento) (12.6.77)
Requirement already satisfied: nvidia-cuda-runtime-cu12==12.6.77 in /home/afpuertav/.local/lib/python3.10/site-packages (from torch!=2.0.1,>=2.0.0->pysentimiento) (12.6.77)
Requirement already satisfied: nvidia-cuda-cupti-cu12==12.6.80 in /home/afpuertav/.local/lib/python3.10/site-packages (from torch!=2.0.1,>=2.0.0->pysentimiento) (12.6.80)
Requirement already satisfied: nvidia-cudnn-cu12==9.5.1.17 in /home/afpuertav/.local/lib/python3.10/site-packages (from torch!=2.0.1,>=2.0.0->pysentimiento) (9.5.1.17)
Requirement already satisfied: nvidia-cublas-cu12==12.6.4.1 in /home/afpuertav/.local/lib/python3.10/site-packages (from torch!=2.0.1,>=2.0.0->pysentimiento) (12.6.4.1)
Requirement already satisfied: nvidia-cufft-cu12==11.3.0.4 in /home/afpuertav/.local/lib/python3.10/site-packages (from torch!=2.0.1,>=2.0.0->pysentimiento) (11.3.0.4)
Requirement already satisfied: nvidia-curand-cu12==10.3.7.77 in /home/afpuertav/.local/lib/python3.10/site-packages (from torch!=2.0.1,>=2.0.0->pysentimiento) (10.3.7.77)
Requirement already satisfied: nvidia-cusolver-cu12==11.7.1.2 in /home/afpuertav/.local/lib/python3.10/site-packages (from torch!=2.0.1,>=2.0.0->pysentimiento) (11.7.1.2)
Requirement already satisfied: nvidia-cusparse-cu12==12.5.4.2 in /home/afpuertav/.local/lib/python3.10/site-packages (from torch!=2.0.1,>=2.0.0->pysentimiento) (12.5.4.2)
Requirement already satisfied: nvidia-cusparselt-cu12==0.6.3 in /home/afpuertav/.local/lib/python3.10/site-packages (from torch!=2.0.1,>=2.0.0->pysentimiento) (0.6.3)
Requirement already satisfied: nvidia-nccl-cu12==2.26.2 in /home/afpuertav/.local/lib/python3.10/site-packages (from torch!=2.0.1,>=2.0.0->pysentimiento) (2.26.2)
Requirement already satisfied: nvidia-nvtx-cu12==12.6.77 in /home/afpuertav/.local/lib/python3.10/site-packages (from torch!=2.0.1,>=2.0.0->pysentimiento) (12.6.77)
Requirement already satisfied: nvidia-nvjitlink-cu12==12.6.85 in /home/afpuertav/.local/lib/python3.10/site-packages (from torch!=2.0.1,>=2.0.0->pysentimiento) (12.6.85)
Requirement already satisfied: nvidia-cufile-cu12==1.11.1.6 in /home/afpuertav/.local/lib/python3.10/site-packages (from torch!=2.0.1,>=2.0.0->pysentimiento) (1.11.1.6)
Requirement already satisfied: triton==3.3.0 in /home/afpuertav/.local/lib/python3.10/site-packages (from torch!=2.0.1,>=2.0.0->pysentimiento) (3.3.0)
Requirement already satisfied: mpmath<1.4,>=1.1.0 in /home/afpuertav/.local/lib/python3.10/site-packages (from sympy>=1.13.3->torch!=2.0.1,>=2.0.0->pysentimiento) (1.3.0)
Requirement already satisfied: regex!=2019.12.17 in /home/afpuertav/.local/lib/python3.10/site-packages (from transformers>=4.13.0->pysentimiento) (2024.11.6)
Requirement already satisfied: tokenizers<0.22,>=0.21 in /home/afpuertav/.local/lib/python3.10/site-packages (from transformers>=4.13.0->pysentimiento) (0.21.1)
Requirement already satisfied: MarkupSafe>=2.0 in /home/afpuertav/.local/lib/python3.10/site-packages (from jinja2->spacy>=3.5.0->pysentimiento) (3.0.2)
Defaulting to user installation because normal site-packages is not writeable
Requirement already satisfied: sentencepiece in /home/afpuertav/.local/lib/python3.10/site-packages (0.2.0)
Defaulting to user installation because normal site-packages is not writeable
Requirement already satisfied: pandas in /home/afpuertav/.local/lib/python3.10/site-packages (2.2.3)
Requirement already satisfied: xlrd in /home/afpuertav/.local/lib/python3.10/site-packages (2.0.1)
Requirement already satisfied: numpy>=1.22.4 in /home/afpuertav/.local/lib/python3.10/site-packages (from pandas) (2.2.6)
Requirement already satisfied: python-dateutil>=2.8.2 in /home/afpuertav/.local/lib/python3.10/site-packages (from pandas) (2.9.0.post0)
Requirement already satisfied: pytz>=2020.1 in /home/afpuertav/.local/lib/python3.10/site-packages (from pandas) (2025.2)
Requirement already satisfied: tzdata>=2022.7 in /home/afpuertav/.local/lib/python3.10/site-packages (from pandas) (2025.2)
Requirement already satisfied: six>=1.5 in /share/apps/python/3.10_miniconda-23.5.2/lib/python3.10/site-packages (from python-dateutil>=2.8.2->pandas) (1.16.0)
Defaulting to user installation because normal site-packages is not writeable
Requirement already satisfied: openpyxl in /home/afpuertav/.local/lib/python3.10/site-packages (3.1.5)
Requirement already satisfied: et-xmlfile in /home/afpuertav/.local/lib/python3.10/site-packages (from openpyxl) (2.0.0)
Defaulting to user installation because normal site-packages is not writeable
Requirement already satisfied: transformers in /home/afpuertav/.local/lib/python3.10/site-packages (4.51.3)
Requirement already satisfied: filelock in /home/afpuertav/.local/lib/python3.10/site-packages (from transformers) (3.18.0)
Requirement already satisfied: huggingface-hub<1.0,>=0.30.0 in /home/afpuertav/.local/lib/python3.10/site-packages (from transformers) (0.31.2)
Requirement already satisfied: numpy>=1.17 in /home/afpuertav/.local/lib/python3.10/site-packages (from transformers) (2.2.6)
Requirement already satisfied: packaging>=20.0 in /share/apps/python/3.10_miniconda-23.5.2/lib/python3.10/site-packages (from transformers) (23.0)
Requirement already satisfied: pyyaml>=5.1 in /home/afpuertav/.local/lib/python3.10/site-packages (from transformers) (6.0.2)
Requirement already satisfied: regex!=2019.12.17 in /home/afpuertav/.local/lib/python3.10/site-packages (from transformers) (2024.11.6)
Requirement already satisfied: requests in /home/afpuertav/.local/lib/python3.10/site-packages (from transformers) (2.32.4)
Requirement already satisfied: tokenizers<0.22,>=0.21 in /home/afpuertav/.local/lib/python3.10/site-packages (from transformers) (0.21.1)
Requirement already satisfied: safetensors>=0.4.3 in /home/afpuertav/.local/lib/python3.10/site-packages (from transformers) (0.5.3)
Requirement already satisfied: tqdm>=4.27 in /home/afpuertav/.local/lib/python3.10/site-packages (from transformers) (4.67.1)
Requirement already satisfied: fsspec>=2023.5.0 in /home/afpuertav/.local/lib/python3.10/site-packages (from huggingface-hub<1.0,>=0.30.0->transformers) (2025.3.0)
Requirement already satisfied: typing-extensions>=3.7.4.3 in /home/afpuertav/.local/lib/python3.10/site-packages (from huggingface-hub<1.0,>=0.30.0->transformers) (4.13.2)
Requirement already satisfied: charset_normalizer<4,>=2 in /share/apps/python/3.10_miniconda-23.5.2/lib/python3.10/site-packages (from requests->transformers) (2.0.4)
Requirement already satisfied: idna<4,>=2.5 in /share/apps/python/3.10_miniconda-23.5.2/lib/python3.10/site-packages (from requests->transformers) (3.4)
Requirement already satisfied: urllib3<3,>=1.21.1 in /share/apps/python/3.10_miniconda-23.5.2/lib/python3.10/site-packages (from requests->transformers) (1.26.16)
Requirement already satisfied: certifi>=2017.4.17 in /share/apps/python/3.10_miniconda-23.5.2/lib/python3.10/site-packages (from requests->transformers) (2023.5.7)
Defaulting to user installation because normal site-packages is not writeable
Requirement already satisfied: tiktoken in /home/afpuertav/.local/lib/python3.10/site-packages (0.9.0)
Requirement already satisfied: protobuf in /home/afpuertav/.local/lib/python3.10/site-packages (6.31.1)
Requirement already satisfied: regex>=2022.1.18 in /home/afpuertav/.local/lib/python3.10/site-packages (from tiktoken) (2024.11.6)
Requirement already satisfied: requests>=2.26.0 in /home/afpuertav/.local/lib/python3.10/site-packages (from tiktoken) (2.32.4)
Requirement already satisfied: charset_normalizer<4,>=2 in /share/apps/python/3.10_miniconda-23.5.2/lib/python3.10/site-packages (from requests>=2.26.0->tiktoken) (2.0.4)
Requirement already satisfied: idna<4,>=2.5 in /share/apps/python/3.10_miniconda-23.5.2/lib/python3.10/site-packages (from requests>=2.26.0->tiktoken) (3.4)
Requirement already satisfied: urllib3<3,>=1.21.1 in /share/apps/python/3.10_miniconda-23.5.2/lib/python3.10/site-packages (from requests>=2.26.0->tiktoken) (1.26.16)
Requirement already satisfied: certifi>=2017.4.17 in /share/apps/python/3.10_miniconda-23.5.2/lib/python3.10/site-packages (from requests>=2.26.0->tiktoken) (2023.5.7)
Usando dispositivo: GPU
✅ Archivo guardado exitosamente en: /home/afpuertav/mySpace/archivos/medidas/hablandoCircular.xlsx
