Defaulting to user installation because normal site-packages is not writeable
Requirement already satisfied: pandas in /home/afpuertav/.local/lib/python3.10/site-packages (2.2.3)
Requirement already satisfied: xlrd in /home/afpuertav/.local/lib/python3.10/site-packages (2.0.1)
Requirement already satisfied: transformers in /home/afpuertav/.local/lib/python3.10/site-packages (4.51.3)
Requirement already satisfied: torch in /home/afpuertav/.local/lib/python3.10/site-packages (2.7.0)
Requirement already satisfied: numpy>=1.22.4 in /home/afpuertav/.local/lib/python3.10/site-packages (from pandas) (2.2.6)
Requirement already satisfied: python-dateutil>=2.8.2 in /home/afpuertav/.local/lib/python3.10/site-packages (from pandas) (2.9.0.post0)
Requirement already satisfied: pytz>=2020.1 in /home/afpuertav/.local/lib/python3.10/site-packages (from pandas) (2025.2)
Requirement already satisfied: tzdata>=2022.7 in /home/afpuertav/.local/lib/python3.10/site-packages (from pandas) (2025.2)
Requirement already satisfied: filelock in /home/afpuertav/.local/lib/python3.10/site-packages (from transformers) (3.18.0)
Requirement already satisfied: huggingface-hub<1.0,>=0.30.0 in /home/afpuertav/.local/lib/python3.10/site-packages (from transformers) (0.31.2)
Requirement already satisfied: packaging>=20.0 in /share/apps/python/3.10_miniconda-23.5.2/lib/python3.10/site-packages (from transformers) (23.0)
Requirement already satisfied: pyyaml>=5.1 in /home/afpuertav/.local/lib/python3.10/site-packages (from transformers) (6.0.2)
Requirement already satisfied: regex!=2019.12.17 in /home/afpuertav/.local/lib/python3.10/site-packages (from transformers) (2024.11.6)
Requirement already satisfied: requests in /share/apps/python/3.10_miniconda-23.5.2/lib/python3.10/site-packages (from transformers) (2.29.0)
Requirement already satisfied: tokenizers<0.22,>=0.21 in /home/afpuertav/.local/lib/python3.10/site-packages (from transformers) (0.21.1)
Requirement already satisfied: safetensors>=0.4.3 in /home/afpuertav/.local/lib/python3.10/site-packages (from transformers) (0.5.3)
Requirement already satisfied: tqdm>=4.27 in /share/apps/python/3.10_miniconda-23.5.2/lib/python3.10/site-packages (from transformers) (4.65.0)
Requirement already satisfied: fsspec>=2023.5.0 in /home/afpuertav/.local/lib/python3.10/site-packages (from huggingface-hub<1.0,>=0.30.0->transformers) (2025.3.2)
Requirement already satisfied: typing-extensions>=3.7.4.3 in /home/afpuertav/.local/lib/python3.10/site-packages (from huggingface-hub<1.0,>=0.30.0->transformers) (4.13.2)
Requirement already satisfied: sympy>=1.13.3 in /home/afpuertav/.local/lib/python3.10/site-packages (from torch) (1.14.0)
Requirement already satisfied: networkx in /home/afpuertav/.local/lib/python3.10/site-packages (from torch) (3.4.2)
Requirement already satisfied: jinja2 in /home/afpuertav/.local/lib/python3.10/site-packages (from torch) (3.1.6)
Requirement already satisfied: nvidia-cuda-nvrtc-cu12==12.6.77 in /home/afpuertav/.local/lib/python3.10/site-packages (from torch) (12.6.77)
Requirement already satisfied: nvidia-cuda-runtime-cu12==12.6.77 in /home/afpuertav/.local/lib/python3.10/site-packages (from torch) (12.6.77)
Requirement already satisfied: nvidia-cuda-cupti-cu12==12.6.80 in /home/afpuertav/.local/lib/python3.10/site-packages (from torch) (12.6.80)
Requirement already satisfied: nvidia-cudnn-cu12==9.5.1.17 in /home/afpuertav/.local/lib/python3.10/site-packages (from torch) (9.5.1.17)
Requirement already satisfied: nvidia-cublas-cu12==12.6.4.1 in /home/afpuertav/.local/lib/python3.10/site-packages (from torch) (12.6.4.1)
Requirement already satisfied: nvidia-cufft-cu12==11.3.0.4 in /home/afpuertav/.local/lib/python3.10/site-packages (from torch) (11.3.0.4)
Requirement already satisfied: nvidia-curand-cu12==10.3.7.77 in /home/afpuertav/.local/lib/python3.10/site-packages (from torch) (10.3.7.77)
Requirement already satisfied: nvidia-cusolver-cu12==11.7.1.2 in /home/afpuertav/.local/lib/python3.10/site-packages (from torch) (11.7.1.2)
Requirement already satisfied: nvidia-cusparse-cu12==12.5.4.2 in /home/afpuertav/.local/lib/python3.10/site-packages (from torch) (12.5.4.2)
Requirement already satisfied: nvidia-cusparselt-cu12==0.6.3 in /home/afpuertav/.local/lib/python3.10/site-packages (from torch) (0.6.3)
Requirement already satisfied: nvidia-nccl-cu12==2.26.2 in /home/afpuertav/.local/lib/python3.10/site-packages (from torch) (2.26.2)
Requirement already satisfied: nvidia-nvtx-cu12==12.6.77 in /home/afpuertav/.local/lib/python3.10/site-packages (from torch) (12.6.77)
Requirement already satisfied: nvidia-nvjitlink-cu12==12.6.85 in /home/afpuertav/.local/lib/python3.10/site-packages (from torch) (12.6.85)
Requirement already satisfied: nvidia-cufile-cu12==1.11.1.6 in /home/afpuertav/.local/lib/python3.10/site-packages (from torch) (1.11.1.6)
Requirement already satisfied: triton==3.3.0 in /home/afpuertav/.local/lib/python3.10/site-packages (from torch) (3.3.0)
Requirement already satisfied: setuptools>=40.8.0 in /share/apps/python/3.10_miniconda-23.5.2/lib/python3.10/site-packages (from triton==3.3.0->torch) (67.8.0)
Requirement already satisfied: six>=1.5 in /share/apps/python/3.10_miniconda-23.5.2/lib/python3.10/site-packages (from python-dateutil>=2.8.2->pandas) (1.16.0)
Requirement already satisfied: mpmath<1.4,>=1.1.0 in /home/afpuertav/.local/lib/python3.10/site-packages (from sympy>=1.13.3->torch) (1.3.0)
Requirement already satisfied: MarkupSafe>=2.0 in /home/afpuertav/.local/lib/python3.10/site-packages (from jinja2->torch) (3.0.2)
Requirement already satisfied: charset-normalizer<4,>=2 in /share/apps/python/3.10_miniconda-23.5.2/lib/python3.10/site-packages (from requests->transformers) (2.0.4)
Requirement already satisfied: idna<4,>=2.5 in /share/apps/python/3.10_miniconda-23.5.2/lib/python3.10/site-packages (from requests->transformers) (3.4)
Requirement already satisfied: urllib3<1.27,>=1.21.1 in /share/apps/python/3.10_miniconda-23.5.2/lib/python3.10/site-packages (from requests->transformers) (1.26.16)
Requirement already satisfied: certifi>=2017.4.17 in /share/apps/python/3.10_miniconda-23.5.2/lib/python3.10/site-packages (from requests->transformers) (2023.5.7)
Usando dispositivo: cuda
Cargando dataset completo...
Dividiendo en lotes de 10000...
Procesando lote 0 (10000 tweets)...
Guardado: /home/afpuertav/mySpace/archivos/lotesSentido/lote_sentido_00.xlsx
Procesando lote 1 (10000 tweets)...
Guardado: /home/afpuertav/mySpace/archivos/lotesSentido/lote_sentido_01.xlsx
Procesando lote 2 (10000 tweets)...
Guardado: /home/afpuertav/mySpace/archivos/lotesSentido/lote_sentido_02.xlsx
Procesando lote 3 (10000 tweets)...
Guardado: /home/afpuertav/mySpace/archivos/lotesSentido/lote_sentido_03.xlsx
Procesando lote 4 (10000 tweets)...
Guardado: /home/afpuertav/mySpace/archivos/lotesSentido/lote_sentido_04.xlsx
Procesando lote 5 (10000 tweets)...
Guardado: /home/afpuertav/mySpace/archivos/lotesSentido/lote_sentido_05.xlsx
Procesando lote 6 (10000 tweets)...
Guardado: /home/afpuertav/mySpace/archivos/lotesSentido/lote_sentido_06.xlsx
Procesando lote 7 (10000 tweets)...
Guardado: /home/afpuertav/mySpace/archivos/lotesSentido/lote_sentido_07.xlsx
Procesando lote 8 (10000 tweets)...
Guardado: /home/afpuertav/mySpace/archivos/lotesSentido/lote_sentido_08.xlsx
Procesando lote 9 (10000 tweets)...
Guardado: /home/afpuertav/mySpace/archivos/lotesSentido/lote_sentido_09.xlsx
Procesando lote 10 (10000 tweets)...
Guardado: /home/afpuertav/mySpace/archivos/lotesSentido/lote_sentido_10.xlsx
Procesando lote 11 (10000 tweets)...
Guardado: /home/afpuertav/mySpace/archivos/lotesSentido/lote_sentido_11.xlsx
Procesando lote 12 (10000 tweets)...
Guardado: /home/afpuertav/mySpace/archivos/lotesSentido/lote_sentido_12.xlsx
Procesando lote 13 (10000 tweets)...
Guardado: /home/afpuertav/mySpace/archivos/lotesSentido/lote_sentido_13.xlsx
Procesando lote 14 (10000 tweets)...
Guardado: /home/afpuertav/mySpace/archivos/lotesSentido/lote_sentido_14.xlsx
Procesando lote 15 (10000 tweets)...
Guardado: /home/afpuertav/mySpace/archivos/lotesSentido/lote_sentido_15.xlsx
Procesando lote 16 (10000 tweets)...
Guardado: /home/afpuertav/mySpace/archivos/lotesSentido/lote_sentido_16.xlsx
Procesando lote 17 (10000 tweets)...
Guardado: /home/afpuertav/mySpace/archivos/lotesSentido/lote_sentido_17.xlsx
Procesando lote 18 (10000 tweets)...
Guardado: /home/afpuertav/mySpace/archivos/lotesSentido/lote_sentido_18.xlsx
Procesando lote 19 (10000 tweets)...
Guardado: /home/afpuertav/mySpace/archivos/lotesSentido/lote_sentido_19.xlsx
Procesando lote 20 (10000 tweets)...
Guardado: /home/afpuertav/mySpace/archivos/lotesSentido/lote_sentido_20.xlsx
Procesando lote 21 (10000 tweets)...
Guardado: /home/afpuertav/mySpace/archivos/lotesSentido/lote_sentido_21.xlsx
Procesando lote 22 (10000 tweets)...
Guardado: /home/afpuertav/mySpace/archivos/lotesSentido/lote_sentido_22.xlsx
Procesando lote 23 (10000 tweets)...
Guardado: /home/afpuertav/mySpace/archivos/lotesSentido/lote_sentido_23.xlsx
Procesando lote 24 (10000 tweets)...
Guardado: /home/afpuertav/mySpace/archivos/lotesSentido/lote_sentido_24.xlsx
Procesando lote 25 (10000 tweets)...
Guardado: /home/afpuertav/mySpace/archivos/lotesSentido/lote_sentido_25.xlsx
Procesando lote 26 (10000 tweets)...
Guardado: /home/afpuertav/mySpace/archivos/lotesSentido/lote_sentido_26.xlsx
Procesando lote 27 (10000 tweets)...
Guardado: /home/afpuertav/mySpace/archivos/lotesSentido/lote_sentido_27.xlsx
Procesando lote 28 (10000 tweets)...
Guardado: /home/afpuertav/mySpace/archivos/lotesSentido/lote_sentido_28.xlsx
Procesando lote 29 (10000 tweets)...
Guardado: /home/afpuertav/mySpace/archivos/lotesSentido/lote_sentido_29.xlsx
Procesando lote 30 (10000 tweets)...
Guardado: /home/afpuertav/mySpace/archivos/lotesSentido/lote_sentido_30.xlsx
Procesando lote 31 (10000 tweets)...
Guardado: /home/afpuertav/mySpace/archivos/lotesSentido/lote_sentido_31.xlsx
Procesando lote 32 (10000 tweets)...
Guardado: /home/afpuertav/mySpace/archivos/lotesSentido/lote_sentido_32.xlsx
Procesando lote 33 (10000 tweets)...
Guardado: /home/afpuertav/mySpace/archivos/lotesSentido/lote_sentido_33.xlsx
Procesando lote 34 (10000 tweets)...
Guardado: /home/afpuertav/mySpace/archivos/lotesSentido/lote_sentido_34.xlsx
Procesando lote 35 (10000 tweets)...
Guardado: /home/afpuertav/mySpace/archivos/lotesSentido/lote_sentido_35.xlsx
Procesando lote 36 (10000 tweets)...
Guardado: /home/afpuertav/mySpace/archivos/lotesSentido/lote_sentido_36.xlsx
Procesando lote 37 (10000 tweets)...
Guardado: /home/afpuertav/mySpace/archivos/lotesSentido/lote_sentido_37.xlsx
Procesando lote 38 (10000 tweets)...
Guardado: /home/afpuertav/mySpace/archivos/lotesSentido/lote_sentido_38.xlsx
Procesando lote 39 (10000 tweets)...
Guardado: /home/afpuertav/mySpace/archivos/lotesSentido/lote_sentido_39.xlsx
Procesando lote 40 (10000 tweets)...
Guardado: /home/afpuertav/mySpace/archivos/lotesSentido/lote_sentido_40.xlsx
Procesando lote 41 (10000 tweets)...
Guardado: /home/afpuertav/mySpace/archivos/lotesSentido/lote_sentido_41.xlsx
Procesando lote 42 (10000 tweets)...
Guardado: /home/afpuertav/mySpace/archivos/lotesSentido/lote_sentido_42.xlsx
Procesando lote 43 (10000 tweets)...
Guardado: /home/afpuertav/mySpace/archivos/lotesSentido/lote_sentido_43.xlsx
Procesando lote 44 (10000 tweets)...
Guardado: /home/afpuertav/mySpace/archivos/lotesSentido/lote_sentido_44.xlsx
Procesando lote 45 (10000 tweets)...
Guardado: /home/afpuertav/mySpace/archivos/lotesSentido/lote_sentido_45.xlsx
Procesando lote 46 (10000 tweets)...
Guardado: /home/afpuertav/mySpace/archivos/lotesSentido/lote_sentido_46.xlsx
Procesando lote 47 (10000 tweets)...
Guardado: /home/afpuertav/mySpace/archivos/lotesSentido/lote_sentido_47.xlsx
Procesando lote 48 (10000 tweets)...
Guardado: /home/afpuertav/mySpace/archivos/lotesSentido/lote_sentido_48.xlsx
Procesando lote 49 (10000 tweets)...
Guardado: /home/afpuertav/mySpace/archivos/lotesSentido/lote_sentido_49.xlsx
Procesando lote 50 (10000 tweets)...
Guardado: /home/afpuertav/mySpace/archivos/lotesSentido/lote_sentido_50.xlsx
Procesando lote 51 (10000 tweets)...
Guardado: /home/afpuertav/mySpace/archivos/lotesSentido/lote_sentido_51.xlsx
Procesando lote 52 (10000 tweets)...
Guardado: /home/afpuertav/mySpace/archivos/lotesSentido/lote_sentido_52.xlsx
Procesando lote 53 (10000 tweets)...
Guardado: /home/afpuertav/mySpace/archivos/lotesSentido/lote_sentido_53.xlsx
Procesando lote 54 (10000 tweets)...
Guardado: /home/afpuertav/mySpace/archivos/lotesSentido/lote_sentido_54.xlsx
Procesando lote 55 (10000 tweets)...
Guardado: /home/afpuertav/mySpace/archivos/lotesSentido/lote_sentido_55.xlsx
Procesando lote 56 (10000 tweets)...
Guardado: /home/afpuertav/mySpace/archivos/lotesSentido/lote_sentido_56.xlsx
Procesando lote 57 (10000 tweets)...
Guardado: /home/afpuertav/mySpace/archivos/lotesSentido/lote_sentido_57.xlsx
Procesando lote 58 (10000 tweets)...
Guardado: /home/afpuertav/mySpace/archivos/lotesSentido/lote_sentido_58.xlsx
Procesando lote 59 (10000 tweets)...
Guardado: /home/afpuertav/mySpace/archivos/lotesSentido/lote_sentido_59.xlsx
Procesando lote 60 (10000 tweets)...
Guardado: /home/afpuertav/mySpace/archivos/lotesSentido/lote_sentido_60.xlsx
Procesando lote 61 (10000 tweets)...
Guardado: /home/afpuertav/mySpace/archivos/lotesSentido/lote_sentido_61.xlsx
Procesando lote 62 (10000 tweets)...
Guardado: /home/afpuertav/mySpace/archivos/lotesSentido/lote_sentido_62.xlsx
Procesando lote 63 (10000 tweets)...
Guardado: /home/afpuertav/mySpace/archivos/lotesSentido/lote_sentido_63.xlsx
Procesando lote 64 (10000 tweets)...
Guardado: /home/afpuertav/mySpace/archivos/lotesSentido/lote_sentido_64.xlsx
Procesando lote 65 (10000 tweets)...
Guardado: /home/afpuertav/mySpace/archivos/lotesSentido/lote_sentido_65.xlsx
Procesando lote 66 (10000 tweets)...
Guardado: /home/afpuertav/mySpace/archivos/lotesSentido/lote_sentido_66.xlsx
Procesando lote 67 (10000 tweets)...
Guardado: /home/afpuertav/mySpace/archivos/lotesSentido/lote_sentido_67.xlsx
Procesando lote 68 (10000 tweets)...
Guardado: /home/afpuertav/mySpace/archivos/lotesSentido/lote_sentido_68.xlsx
Procesando lote 69 (10000 tweets)...
Guardado: /home/afpuertav/mySpace/archivos/lotesSentido/lote_sentido_69.xlsx
Procesando lote 70 (10000 tweets)...
Guardado: /home/afpuertav/mySpace/archivos/lotesSentido/lote_sentido_70.xlsx
Procesando lote 71 (10000 tweets)...
Guardado: /home/afpuertav/mySpace/archivos/lotesSentido/lote_sentido_71.xlsx
Procesando lote 72 (10000 tweets)...
Guardado: /home/afpuertav/mySpace/archivos/lotesSentido/lote_sentido_72.xlsx
Procesando lote 73 (10000 tweets)...
Guardado: /home/afpuertav/mySpace/archivos/lotesSentido/lote_sentido_73.xlsx
Procesando lote 74 (10000 tweets)...
Guardado: /home/afpuertav/mySpace/archivos/lotesSentido/lote_sentido_74.xlsx
Procesando lote 75 (10000 tweets)...
Guardado: /home/afpuertav/mySpace/archivos/lotesSentido/lote_sentido_75.xlsx
Procesando lote 76 (10000 tweets)...
Guardado: /home/afpuertav/mySpace/archivos/lotesSentido/lote_sentido_76.xlsx
Procesando lote 77 (10000 tweets)...
Guardado: /home/afpuertav/mySpace/archivos/lotesSentido/lote_sentido_77.xlsx
Procesando lote 78 (10000 tweets)...
Guardado: /home/afpuertav/mySpace/archivos/lotesSentido/lote_sentido_78.xlsx
Procesando lote 79 (10000 tweets)...
Guardado: /home/afpuertav/mySpace/archivos/lotesSentido/lote_sentido_79.xlsx
Procesando lote 80 (10000 tweets)...
Guardado: /home/afpuertav/mySpace/archivos/lotesSentido/lote_sentido_80.xlsx
Procesando lote 81 (10000 tweets)...
Guardado: /home/afpuertav/mySpace/archivos/lotesSentido/lote_sentido_81.xlsx
Procesando lote 82 (10000 tweets)...
Guardado: /home/afpuertav/mySpace/archivos/lotesSentido/lote_sentido_82.xlsx
Procesando lote 83 (10000 tweets)...
Guardado: /home/afpuertav/mySpace/archivos/lotesSentido/lote_sentido_83.xlsx
Procesando lote 84 (10000 tweets)...
Guardado: /home/afpuertav/mySpace/archivos/lotesSentido/lote_sentido_84.xlsx
Procesando lote 85 (10000 tweets)...
Guardado: /home/afpuertav/mySpace/archivos/lotesSentido/lote_sentido_85.xlsx
Procesando lote 86 (10000 tweets)...
Guardado: /home/afpuertav/mySpace/archivos/lotesSentido/lote_sentido_86.xlsx
Procesando lote 87 (10000 tweets)...
Guardado: /home/afpuertav/mySpace/archivos/lotesSentido/lote_sentido_87.xlsx
Procesando lote 88 (10000 tweets)...
Guardado: /home/afpuertav/mySpace/archivos/lotesSentido/lote_sentido_88.xlsx
Procesando lote 89 (10000 tweets)...
Guardado: /home/afpuertav/mySpace/archivos/lotesSentido/lote_sentido_89.xlsx
Procesando lote 90 (10000 tweets)...
Guardado: /home/afpuertav/mySpace/archivos/lotesSentido/lote_sentido_90.xlsx
Procesando lote 91 (10000 tweets)...
Guardado: /home/afpuertav/mySpace/archivos/lotesSentido/lote_sentido_91.xlsx
Procesando lote 92 (10000 tweets)...
Guardado: /home/afpuertav/mySpace/archivos/lotesSentido/lote_sentido_92.xlsx
Procesando lote 93 (10000 tweets)...
Guardado: /home/afpuertav/mySpace/archivos/lotesSentido/lote_sentido_93.xlsx
Procesando lote 94 (10000 tweets)...
Guardado: /home/afpuertav/mySpace/archivos/lotesSentido/lote_sentido_94.xlsx
Procesando lote 95 (10000 tweets)...
Guardado: /home/afpuertav/mySpace/archivos/lotesSentido/lote_sentido_95.xlsx
Procesando lote 96 (10000 tweets)...
Guardado: /home/afpuertav/mySpace/archivos/lotesSentido/lote_sentido_96.xlsx
Procesando lote 97 (10000 tweets)...
Guardado: /home/afpuertav/mySpace/archivos/lotesSentido/lote_sentido_97.xlsx
Procesando lote 98 (10000 tweets)...
Guardado: /home/afpuertav/mySpace/archivos/lotesSentido/lote_sentido_98.xlsx
Procesando lote 99 (10000 tweets)...
Guardado: /home/afpuertav/mySpace/archivos/lotesSentido/lote_sentido_99.xlsx
Procesando lote 100 (10000 tweets)...
Guardado: /home/afpuertav/mySpace/archivos/lotesSentido/lote_sentido_100.xlsx
Procesando lote 101 (10000 tweets)...
Guardado: /home/afpuertav/mySpace/archivos/lotesSentido/lote_sentido_101.xlsx
Procesando lote 102 (10000 tweets)...
Guardado: /home/afpuertav/mySpace/archivos/lotesSentido/lote_sentido_102.xlsx
Procesando lote 103 (10000 tweets)...
Guardado: /home/afpuertav/mySpace/archivos/lotesSentido/lote_sentido_103.xlsx
Procesando lote 104 (10000 tweets)...
Guardado: /home/afpuertav/mySpace/archivos/lotesSentido/lote_sentido_104.xlsx
Procesando lote 105 (10000 tweets)...
Guardado: /home/afpuertav/mySpace/archivos/lotesSentido/lote_sentido_105.xlsx
Procesando lote 106 (10000 tweets)...
Guardado: /home/afpuertav/mySpace/archivos/lotesSentido/lote_sentido_106.xlsx
Procesando lote 107 (10000 tweets)...
Guardado: /home/afpuertav/mySpace/archivos/lotesSentido/lote_sentido_107.xlsx
Procesando lote 108 (10000 tweets)...
Guardado: /home/afpuertav/mySpace/archivos/lotesSentido/lote_sentido_108.xlsx
Procesando lote 109 (10000 tweets)...
Guardado: /home/afpuertav/mySpace/archivos/lotesSentido/lote_sentido_109.xlsx
Procesando lote 110 (10000 tweets)...
Guardado: /home/afpuertav/mySpace/archivos/lotesSentido/lote_sentido_110.xlsx
Procesando lote 111 (10000 tweets)...
Guardado: /home/afpuertav/mySpace/archivos/lotesSentido/lote_sentido_111.xlsx
Procesando lote 112 (10000 tweets)...
Guardado: /home/afpuertav/mySpace/archivos/lotesSentido/lote_sentido_112.xlsx
Procesando lote 113 (10000 tweets)...
Guardado: /home/afpuertav/mySpace/archivos/lotesSentido/lote_sentido_113.xlsx
Procesando lote 114 (10000 tweets)...
Guardado: /home/afpuertav/mySpace/archivos/lotesSentido/lote_sentido_114.xlsx
Procesando lote 115 (10000 tweets)...
Guardado: /home/afpuertav/mySpace/archivos/lotesSentido/lote_sentido_115.xlsx
Procesando lote 116 (10000 tweets)...
Guardado: /home/afpuertav/mySpace/archivos/lotesSentido/lote_sentido_116.xlsx
Procesando lote 117 (10000 tweets)...
Guardado: /home/afpuertav/mySpace/archivos/lotesSentido/lote_sentido_117.xlsx
Procesando lote 118 (10000 tweets)...
Guardado: /home/afpuertav/mySpace/archivos/lotesSentido/lote_sentido_118.xlsx
Procesando lote 119 (10000 tweets)...
Guardado: /home/afpuertav/mySpace/archivos/lotesSentido/lote_sentido_119.xlsx
Procesando lote 120 (10000 tweets)...
Guardado: /home/afpuertav/mySpace/archivos/lotesSentido/lote_sentido_120.xlsx
Procesando lote 121 (10000 tweets)...
Guardado: /home/afpuertav/mySpace/archivos/lotesSentido/lote_sentido_121.xlsx
Procesando lote 122 (10000 tweets)...
Guardado: /home/afpuertav/mySpace/archivos/lotesSentido/lote_sentido_122.xlsx
Procesando lote 123 (10000 tweets)...
Guardado: /home/afpuertav/mySpace/archivos/lotesSentido/lote_sentido_123.xlsx
Procesando lote 124 (10000 tweets)...
Guardado: /home/afpuertav/mySpace/archivos/lotesSentido/lote_sentido_124.xlsx
Procesando lote 125 (10000 tweets)...
Guardado: /home/afpuertav/mySpace/archivos/lotesSentido/lote_sentido_125.xlsx
Procesando lote 126 (10000 tweets)...
Guardado: /home/afpuertav/mySpace/archivos/lotesSentido/lote_sentido_126.xlsx
Procesando lote 127 (10000 tweets)...
Guardado: /home/afpuertav/mySpace/archivos/lotesSentido/lote_sentido_127.xlsx
Procesando lote 128 (10000 tweets)...
Guardado: /home/afpuertav/mySpace/archivos/lotesSentido/lote_sentido_128.xlsx
Procesando lote 129 (10000 tweets)...
Guardado: /home/afpuertav/mySpace/archivos/lotesSentido/lote_sentido_129.xlsx
Procesando lote 130 (10000 tweets)...
Guardado: /home/afpuertav/mySpace/archivos/lotesSentido/lote_sentido_130.xlsx
Procesando lote 131 (10000 tweets)...
Guardado: /home/afpuertav/mySpace/archivos/lotesSentido/lote_sentido_131.xlsx
Procesando lote 132 (5110 tweets)...
Guardado: /home/afpuertav/mySpace/archivos/lotesSentido/lote_sentido_132.xlsx
